1491845896451	geckodriver	INFO	Listening on 127.0.0.1:57274
1491845897441	mozprofile::profile	INFO	Using profile path /var/folders/rq/mbrbt9g53_5_jl183yzs5knw0000gn/T/rust_mozprofile.YkEH2JA4rY5L
1491845897447	geckodriver::marionette	INFO	Starting browser /Applications/Firefox.app/Contents/MacOS/firefox-bin with args []
1491845897454	geckodriver::marionette	INFO	Connecting to Marionette on localhost:57287
1491845899405	Marionette	INFO	Listening on port 57287
1491845900198	Marionette	WARN	TLS certificate errors will be ignored for this session
1491845969165	geckodriver	INFO	Listening on 127.0.0.1:57364
1491845970068	mozprofile::profile	INFO	Using profile path /var/folders/rq/mbrbt9g53_5_jl183yzs5knw0000gn/T/rust_mozprofile.DItqMWGSVluL
1491845970073	geckodriver::marionette	INFO	Starting browser /Applications/Firefox.app/Contents/MacOS/firefox-bin with args []
1491845970079	geckodriver::marionette	INFO	Connecting to Marionette on localhost:57377
1491845971943	Marionette	INFO	Listening on port 57377
1491845972592	Marionette	WARN	TLS certificate errors will be ignored for this session
2017-04-10 13:39:35.296 plugin-container[2545:3681967] *** CFMessagePort: bootstrap_register(): failed 1100 (0x44c) 'Permission denied', port = 0x903b, name = 'com.apple.tsm.portname'
See /usr/include/servers/bootstrap_defs.h for the error codes.
2017-04-10 13:39:35.298 plugin-container[2545:3681967] *** CFMessagePort: bootstrap_register(): failed 1100 (0x44c) 'Permission denied', port = 0x9303, name = 'com.apple.CFPasteboardClient'
See /usr/include/servers/bootstrap_defs.h for the error codes.
1491845986233	Marionette	INFO	New connections will no longer be accepted
[Child 2545] ###!!! ABORT: Aborting on channel error.: file /builds/slave/m-rel-m64-00000000000000000000/build/src/ipc/glue/MessageChannel.cpp, line 2143
[Child 2545] ###!!! ABORT: Aborting on channel error.: file /builds/slave/m-rel-m64-00000000000000000000/build/src/ipc/glue/MessageChannel.cpp, line 2143
1491852117817	geckodriver	INFO	Listening on 127.0.0.1:57771
1491852118831	mozprofile::profile	INFO	Using profile path /var/folders/rq/mbrbt9g53_5_jl183yzs5knw0000gn/T/rust_mozprofile.WcI5Fo96flUw
1491852118836	geckodriver::marionette	INFO	Starting browser /Applications/Firefox.app/Contents/MacOS/firefox-bin with args []
1491852118845	geckodriver::marionette	INFO	Connecting to Marionette on localhost:57784
1491852120937	Marionette	INFO	Listening on port 57784
1491852121716	Marionette	WARN	TLS certificate errors will be ignored for this session
2017-04-10 15:22:04.444 plugin-container[3019:3693192] *** CFMessagePort: bootstrap_register(): failed 1100 (0x44c) 'Permission denied', port = 0x903b, name = 'com.apple.tsm.portname'
See /usr/include/servers/bootstrap_defs.h for the error codes.
2017-04-10 15:22:04.446 plugin-container[3019:3693192] *** CFMessagePort: bootstrap_register(): failed 1100 (0x44c) 'Permission denied', port = 0x9303, name = 'com.apple.CFPasteboardClient'
See /usr/include/servers/bootstrap_defs.h for the error codes.
1491852136956	Marionette	INFO	New connections will no longer be accepted
[Child 3019] ###!!! ABORT: Aborting on channel error.: file /builds/slave/m-rel-m64-00000000000000000000/build/src/ipc/glue/MessageChannel.cpp, line 2143
[Child 3019] ###!!! ABORT: Aborting on channel error.: file /builds/slave/m-rel-m64-00000000000000000000/build/src/ipc/glue/MessageChannel.cpp, line 2143
